<?xml version="1.0" encoding="UTF-8"?>
<!-- Generated by org.testng.reporters.JUnitXMLReporter -->
<testsuite ignored="0" hostname="LAPTOP-1BCVFIQT" failures="1" tests="1" name="Test" time="10.823" errors="0" timestamp="2023-05-04T16:46:27 IST">
  <testcase classname="Organization.CreateOrganization" name="createOrganization" time="3.923">
    <failure type="java.lang.AssertionError" message="expected [true] but found [false]">
      <![CDATA[java.lang.AssertionError: expected [true] but found [false]
at Organization.CreateOrganization.createOrganization(CreateOrganization.java:22)
at java.base/java.util.ArrayList.forEach(ArrayList.java:1511)
... Removed 31 stack frames]]>
    </failure>
  </testcase> <!-- createOrganization -->
</testsuite> <!-- Test -->
